Build started 9/17/2014 10:34:52 PM.
     1>Project "C:\Users\AW 18\Documents\GitHub\SD6Midterm\EngineCore\EngineCore.vcxproj" on node 2 (build target(s)).
     1>InitializeBuildStatus:
         Creating "Temp\Debug\EngineCore.unsuccessfulbuild" because "AlwaysCreate" was specified.
       ClCompile:
         All outputs are up-to-date.
         All outputs are up-to-date.
       Lib:
         All outputs are up-to-date.
         C:\Program Files (x86)\Microsoft Visual Studio 10.0\VC\bin\Lib.exe /OUT:"C:\Users\AW 18\Documents\GitHub\SD6Midterm\Sd6MidtermClient\EngineCore.lib" /NOLOGO Temp\Debug\CommandParser.obj
         Temp\Debug\Console.obj
         Temp\Debug\ConsoleLog.obj
         Temp\Debug\FontHandler.obj
         Temp\Debug\FontRenderer.obj
         Temp\Debug\Glyph.obj
         Temp\Debug\DebugAABB3.obj
         Temp\Debug\DebugArrow.obj
         Temp\Debug\DebugElement.obj
         Temp\Debug\DebugLine.obj
         Temp\Debug\DebugMultiPoly.obj
         Temp\Debug\DebugPoint.obj
         Temp\Debug\DebugSphere.obj
         Temp\Debug\ErrorWarningAssert.obj
         Temp\Debug\ProfileSection.obj
         Temp\Debug\EventSubscriberNode.obj
         Temp\Debug\EventSystemHandler.obj
         Temp\Debug\EventSystemHelper.obj
         Temp\Debug\NamedProperties.obj
         Temp\Debug\MaxImporter.obj
         Temp\Debug\FBO_Sample_Code.obj
         Temp\Debug\pugixml.obj
         Temp\Debug\stb_image.obj
         Temp\Debug\TangentBitangentSample.obj
         Temp\Debug\MemoryManager.obj
         Temp\Debug\MemoryMetadata.obj
         Temp\Debug\MemoryPool.obj
         Temp\Debug\HashBufferJob.obj
         Temp\Debug\JobManager.obj
         Temp\Debug\LoadFileJob.obj
         Temp\Debug\ReverseBufferJob.obj
         Temp\Debug\ThreadedWorker.obj
         Temp\Debug\Color3b.obj
         Temp\Debug\Color4f.obj
         Temp\Debug\Element.obj
         Temp\Debug\Particle.obj
         Temp\Debug\Vector2f.obj
         Temp\Debug\Vector2i.obj
         Temp\Debug\FrameBuffer.obj
         Temp\Debug\Light.obj
         Temp\Debug\LightManager.obj
         Temp\Debug\Material.obj
         Temp\Debug\OpenGLFunctions.obj
         Temp\Debug\Renderer.obj
         Temp\Debug\RenderWrapper.obj
         Temp\Debug\Shader.obj
         Temp\Debug\Texture.obj
         Temp\Debug\CommandletHandler.obj
         Temp\Debug\GameClock.obj
         Temp\Debug\IOHandler.obj
         Temp\Debug\XMLParser.obj
         EngineCore.vcxproj -> C:\Users\AW 18\Documents\GitHub\SD6Midterm\Sd6MidtermClient\EngineCore.lib
       FinalizeBuildStatus:
         Deleting file "Temp\Debug\EngineCore.unsuccessfulbuild".
         Touching "Temp\Debug\EngineCore.lastbuildstate".
     1>Done Building Project "C:\Users\AW 18\Documents\GitHub\SD6Midterm\EngineCore\EngineCore.vcxproj" (build target(s)).

Build succeeded.

Time Elapsed 00:00:00.56
