D:\Documents\Visual Studio Projects\SoftDev Post 2\EngineCore\Temp\Debug\cl.command.1.tlog
D:\Documents\Visual Studio Projects\SoftDev Post 2\EngineCore\Temp\Debug\CL.read.1.tlog
D:\Documents\Visual Studio Projects\SoftDev Post 2\EngineCore\Temp\Debug\CL.write.1.tlog
D:\DOCUMENTS\VISUAL STUDIO PROJECTS\SOFTDEV POST 2\ENGINECORE\TEMP\DEBUG\COLOR3B.OBJ
D:\DOCUMENTS\VISUAL STUDIO PROJECTS\SOFTDEV POST 2\ENGINECORE\TEMP\DEBUG\COLOR4F.OBJ
D:\DOCUMENTS\VISUAL STUDIO PROJECTS\SOFTDEV POST 2\ENGINECORE\TEMP\DEBUG\COMMANDLETHANDLER.OBJ
D:\DOCUMENTS\VISUAL STUDIO PROJECTS\SOFTDEV POST 2\ENGINECORE\TEMP\DEBUG\COMMANDPARSER.OBJ
D:\DOCUMENTS\VISUAL STUDIO PROJECTS\SOFTDEV POST 2\ENGINECORE\TEMP\DEBUG\CONSOLE.OBJ
D:\DOCUMENTS\VISUAL STUDIO PROJECTS\SOFTDEV POST 2\ENGINECORE\TEMP\DEBUG\CONSOLELOG.OBJ
D:\DOCUMENTS\VISUAL STUDIO PROJECTS\SOFTDEV POST 2\ENGINECORE\TEMP\DEBUG\DEBUGAABB3.OBJ
D:\DOCUMENTS\VISUAL STUDIO PROJECTS\SOFTDEV POST 2\ENGINECORE\TEMP\DEBUG\DEBUGARROW.OBJ
D:\DOCUMENTS\VISUAL STUDIO PROJECTS\SOFTDEV POST 2\ENGINECORE\TEMP\DEBUG\DEBUGELEMENT.OBJ
D:\DOCUMENTS\VISUAL STUDIO PROJECTS\SOFTDEV POST 2\ENGINECORE\TEMP\DEBUG\DEBUGLINE.OBJ
D:\DOCUMENTS\VISUAL STUDIO PROJECTS\SOFTDEV POST 2\ENGINECORE\TEMP\DEBUG\DEBUGMULTIPOLY.OBJ
D:\DOCUMENTS\VISUAL STUDIO PROJECTS\SOFTDEV POST 2\ENGINECORE\TEMP\DEBUG\DEBUGPOINT.OBJ
D:\DOCUMENTS\VISUAL STUDIO PROJECTS\SOFTDEV POST 2\ENGINECORE\TEMP\DEBUG\DEBUGSPHERE.OBJ
D:\DOCUMENTS\VISUAL STUDIO PROJECTS\SOFTDEV POST 2\ENGINECORE\TEMP\DEBUG\ELEMENT.OBJ
D:\Documents\Visual Studio Projects\SoftDev Post 2\EngineCore\Temp\Debug\EngineCore.write.1.tlog
D:\DOCUMENTS\VISUAL STUDIO PROJECTS\SOFTDEV POST 2\ENGINECORE\TEMP\DEBUG\ERRORWARNINGASSERT.OBJ
D:\DOCUMENTS\VISUAL STUDIO PROJECTS\SOFTDEV POST 2\ENGINECORE\TEMP\DEBUG\EVENTSUBSCRIBERNODE.OBJ
D:\DOCUMENTS\VISUAL STUDIO PROJECTS\SOFTDEV POST 2\ENGINECORE\TEMP\DEBUG\EVENTSYSTEMHANDLER.OBJ
D:\DOCUMENTS\VISUAL STUDIO PROJECTS\SOFTDEV POST 2\ENGINECORE\TEMP\DEBUG\EVENTSYSTEMHELPER.OBJ
D:\DOCUMENTS\VISUAL STUDIO PROJECTS\SOFTDEV POST 2\ENGINECORE\TEMP\DEBUG\FBO_SAMPLE_CODE.OBJ
D:\DOCUMENTS\VISUAL STUDIO PROJECTS\SOFTDEV POST 2\ENGINECORE\TEMP\DEBUG\FONTHANDLER.OBJ
D:\DOCUMENTS\VISUAL STUDIO PROJECTS\SOFTDEV POST 2\ENGINECORE\TEMP\DEBUG\FONTRENDERER.OBJ
D:\DOCUMENTS\VISUAL STUDIO PROJECTS\SOFTDEV POST 2\ENGINECORE\TEMP\DEBUG\FRAMEBUFFER.OBJ
D:\DOCUMENTS\VISUAL STUDIO PROJECTS\SOFTDEV POST 2\ENGINECORE\TEMP\DEBUG\GAMECLOCK.OBJ
D:\DOCUMENTS\VISUAL STUDIO PROJECTS\SOFTDEV POST 2\ENGINECORE\TEMP\DEBUG\GLYPH.OBJ
D:\DOCUMENTS\VISUAL STUDIO PROJECTS\SOFTDEV POST 2\ENGINECORE\TEMP\DEBUG\HASHBUFFERJOB.OBJ
D:\DOCUMENTS\VISUAL STUDIO PROJECTS\SOFTDEV POST 2\ENGINECORE\TEMP\DEBUG\IOHANDLER.OBJ
D:\DOCUMENTS\VISUAL STUDIO PROJECTS\SOFTDEV POST 2\ENGINECORE\TEMP\DEBUG\JOBMANAGER.OBJ
D:\Documents\Visual Studio Projects\SoftDev Post 2\EngineCore\Temp\Debug\lib.command.1.tlog
D:\Documents\Visual Studio Projects\SoftDev Post 2\EngineCore\Temp\Debug\Lib-link.read.1.tlog
D:\Documents\Visual Studio Projects\SoftDev Post 2\EngineCore\Temp\Debug\Lib-link.write.1.tlog
D:\DOCUMENTS\VISUAL STUDIO PROJECTS\SOFTDEV POST 2\ENGINECORE\TEMP\DEBUG\LIGHT.OBJ
D:\DOCUMENTS\VISUAL STUDIO PROJECTS\SOFTDEV POST 2\ENGINECORE\TEMP\DEBUG\LIGHTMANAGER.OBJ
D:\DOCUMENTS\VISUAL STUDIO PROJECTS\SOFTDEV POST 2\ENGINECORE\TEMP\DEBUG\LOADFILEJOB.OBJ
D:\DOCUMENTS\VISUAL STUDIO PROJECTS\SOFTDEV POST 2\ENGINECORE\TEMP\DEBUG\MATERIAL.OBJ
D:\DOCUMENTS\VISUAL STUDIO PROJECTS\SOFTDEV POST 2\ENGINECORE\TEMP\DEBUG\MAXIMPORTER.OBJ
D:\DOCUMENTS\VISUAL STUDIO PROJECTS\SOFTDEV POST 2\ENGINECORE\TEMP\DEBUG\MEMORYMANAGER.OBJ
D:\DOCUMENTS\VISUAL STUDIO PROJECTS\SOFTDEV POST 2\ENGINECORE\TEMP\DEBUG\MEMORYMETADATA.OBJ
D:\DOCUMENTS\VISUAL STUDIO PROJECTS\SOFTDEV POST 2\ENGINECORE\TEMP\DEBUG\MEMORYPOOL.OBJ
D:\DOCUMENTS\VISUAL STUDIO PROJECTS\SOFTDEV POST 2\ENGINECORE\TEMP\DEBUG\NAMEDPROPERTIES.OBJ
D:\DOCUMENTS\VISUAL STUDIO PROJECTS\SOFTDEV POST 2\ENGINECORE\TEMP\DEBUG\OPENGLFUNCTIONS.OBJ
D:\DOCUMENTS\VISUAL STUDIO PROJECTS\SOFTDEV POST 2\ENGINECORE\TEMP\DEBUG\PARTICLE.OBJ
D:\DOCUMENTS\VISUAL STUDIO PROJECTS\SOFTDEV POST 2\ENGINECORE\TEMP\DEBUG\PROFILESECTION.OBJ
D:\DOCUMENTS\VISUAL STUDIO PROJECTS\SOFTDEV POST 2\ENGINECORE\TEMP\DEBUG\PUGIXML.OBJ
D:\DOCUMENTS\VISUAL STUDIO PROJECTS\SOFTDEV POST 2\ENGINECORE\TEMP\DEBUG\RENDERER.OBJ
D:\DOCUMENTS\VISUAL STUDIO PROJECTS\SOFTDEV POST 2\ENGINECORE\TEMP\DEBUG\RENDERWRAPPER.OBJ
D:\DOCUMENTS\VISUAL STUDIO PROJECTS\SOFTDEV POST 2\ENGINECORE\TEMP\DEBUG\REVERSEBUFFERJOB.OBJ
D:\DOCUMENTS\VISUAL STUDIO PROJECTS\SOFTDEV POST 2\ENGINECORE\TEMP\DEBUG\SHADER.OBJ
D:\DOCUMENTS\VISUAL STUDIO PROJECTS\SOFTDEV POST 2\ENGINECORE\TEMP\DEBUG\STB_IMAGE.OBJ
D:\DOCUMENTS\VISUAL STUDIO PROJECTS\SOFTDEV POST 2\ENGINECORE\TEMP\DEBUG\TANGENTBITANGENTSAMPLE.OBJ
D:\DOCUMENTS\VISUAL STUDIO PROJECTS\SOFTDEV POST 2\ENGINECORE\TEMP\DEBUG\TEXTURE.OBJ
D:\DOCUMENTS\VISUAL STUDIO PROJECTS\SOFTDEV POST 2\ENGINECORE\TEMP\DEBUG\THREADEDWORKER.OBJ
D:\Documents\Visual Studio Projects\SoftDev Post 2\EngineCore\Temp\Debug\vc100.idb
D:\DOCUMENTS\VISUAL STUDIO PROJECTS\SOFTDEV POST 2\ENGINECORE\TEMP\DEBUG\VC100.PDB
D:\DOCUMENTS\VISUAL STUDIO PROJECTS\SOFTDEV POST 2\ENGINECORE\TEMP\DEBUG\VECTOR2F.OBJ
D:\DOCUMENTS\VISUAL STUDIO PROJECTS\SOFTDEV POST 2\ENGINECORE\TEMP\DEBUG\VECTOR2I.OBJ
D:\DOCUMENTS\VISUAL STUDIO PROJECTS\SOFTDEV POST 2\ENGINECORE\TEMP\DEBUG\XMLPARSER.OBJ
D:\DOCUMENTS\VISUAL STUDIO PROJECTS\SOFTDEV POST 2\NETWORKEDGAME1\ENGINECORE.LIB
