D:\Documents\Visual Studio Projects\SoftDev Post 2\EngineCore\Temp\Release\cl.command.1.tlog
D:\Documents\Visual Studio Projects\SoftDev Post 2\EngineCore\Temp\Release\CL.read.1.tlog
D:\Documents\Visual Studio Projects\SoftDev Post 2\EngineCore\Temp\Release\CL.write.1.tlog
D:\DOCUMENTS\VISUAL STUDIO PROJECTS\SOFTDEV POST 2\ENGINECORE\TEMP\RELEASE\COMMANDLETHANDLER.OBJ
D:\DOCUMENTS\VISUAL STUDIO PROJECTS\SOFTDEV POST 2\ENGINECORE\TEMP\RELEASE\COMMANDPARSER.OBJ
D:\DOCUMENTS\VISUAL STUDIO PROJECTS\SOFTDEV POST 2\ENGINECORE\TEMP\RELEASE\CONSOLE.OBJ
D:\DOCUMENTS\VISUAL STUDIO PROJECTS\SOFTDEV POST 2\ENGINECORE\TEMP\RELEASE\CONSOLELOG.OBJ
D:\DOCUMENTS\VISUAL STUDIO PROJECTS\SOFTDEV POST 2\ENGINECORE\TEMP\RELEASE\DEBUGAABB3.OBJ
D:\DOCUMENTS\VISUAL STUDIO PROJECTS\SOFTDEV POST 2\ENGINECORE\TEMP\RELEASE\DEBUGARROW.OBJ
D:\DOCUMENTS\VISUAL STUDIO PROJECTS\SOFTDEV POST 2\ENGINECORE\TEMP\RELEASE\DEBUGELEMENT.OBJ
D:\DOCUMENTS\VISUAL STUDIO PROJECTS\SOFTDEV POST 2\ENGINECORE\TEMP\RELEASE\DEBUGLINE.OBJ
D:\DOCUMENTS\VISUAL STUDIO PROJECTS\SOFTDEV POST 2\ENGINECORE\TEMP\RELEASE\DEBUGMULTIPOLY.OBJ
D:\DOCUMENTS\VISUAL STUDIO PROJECTS\SOFTDEV POST 2\ENGINECORE\TEMP\RELEASE\DEBUGPOINT.OBJ
D:\DOCUMENTS\VISUAL STUDIO PROJECTS\SOFTDEV POST 2\ENGINECORE\TEMP\RELEASE\DEBUGSPHERE.OBJ
D:\DOCUMENTS\VISUAL STUDIO PROJECTS\SOFTDEV POST 2\ENGINECORE\TEMP\RELEASE\ELEMENT.OBJ
D:\Documents\Visual Studio Projects\SoftDev Post 2\EngineCore\Temp\Release\EngineCore.write.1.tlog
D:\DOCUMENTS\VISUAL STUDIO PROJECTS\SOFTDEV POST 2\ENGINECORE\TEMP\RELEASE\ERRORWARNINGASSERT.OBJ
D:\DOCUMENTS\VISUAL STUDIO PROJECTS\SOFTDEV POST 2\ENGINECORE\TEMP\RELEASE\EVENTSUBSCRIBERNODE.OBJ
D:\DOCUMENTS\VISUAL STUDIO PROJECTS\SOFTDEV POST 2\ENGINECORE\TEMP\RELEASE\EVENTSYSTEMHANDLER.OBJ
D:\DOCUMENTS\VISUAL STUDIO PROJECTS\SOFTDEV POST 2\ENGINECORE\TEMP\RELEASE\EVENTSYSTEMHELPER.OBJ
D:\DOCUMENTS\VISUAL STUDIO PROJECTS\SOFTDEV POST 2\ENGINECORE\TEMP\RELEASE\FBO_SAMPLE_CODE.OBJ
D:\DOCUMENTS\VISUAL STUDIO PROJECTS\SOFTDEV POST 2\ENGINECORE\TEMP\RELEASE\FONTHANDLER.OBJ
D:\DOCUMENTS\VISUAL STUDIO PROJECTS\SOFTDEV POST 2\ENGINECORE\TEMP\RELEASE\FONTRENDERER.OBJ
D:\DOCUMENTS\VISUAL STUDIO PROJECTS\SOFTDEV POST 2\ENGINECORE\TEMP\RELEASE\FRAMEBUFFER.OBJ
D:\DOCUMENTS\VISUAL STUDIO PROJECTS\SOFTDEV POST 2\ENGINECORE\TEMP\RELEASE\GAMECLOCK.OBJ
D:\DOCUMENTS\VISUAL STUDIO PROJECTS\SOFTDEV POST 2\ENGINECORE\TEMP\RELEASE\GLYPH.OBJ
D:\DOCUMENTS\VISUAL STUDIO PROJECTS\SOFTDEV POST 2\ENGINECORE\TEMP\RELEASE\HASHBUFFERJOB.OBJ
D:\DOCUMENTS\VISUAL STUDIO PROJECTS\SOFTDEV POST 2\ENGINECORE\TEMP\RELEASE\IOHANDLER.OBJ
D:\DOCUMENTS\VISUAL STUDIO PROJECTS\SOFTDEV POST 2\ENGINECORE\TEMP\RELEASE\JOBMANAGER.OBJ
D:\Documents\Visual Studio Projects\SoftDev Post 2\EngineCore\Temp\Release\lib.command.1.tlog
D:\Documents\Visual Studio Projects\SoftDev Post 2\EngineCore\Temp\Release\Lib-link.read.1.tlog
D:\Documents\Visual Studio Projects\SoftDev Post 2\EngineCore\Temp\Release\Lib-link.write.1.tlog
D:\DOCUMENTS\VISUAL STUDIO PROJECTS\SOFTDEV POST 2\ENGINECORE\TEMP\RELEASE\LIGHT.OBJ
D:\DOCUMENTS\VISUAL STUDIO PROJECTS\SOFTDEV POST 2\ENGINECORE\TEMP\RELEASE\LIGHTMANAGER.OBJ
D:\DOCUMENTS\VISUAL STUDIO PROJECTS\SOFTDEV POST 2\ENGINECORE\TEMP\RELEASE\LOADFILEJOB.OBJ
D:\DOCUMENTS\VISUAL STUDIO PROJECTS\SOFTDEV POST 2\ENGINECORE\TEMP\RELEASE\MATERIAL.OBJ
D:\DOCUMENTS\VISUAL STUDIO PROJECTS\SOFTDEV POST 2\ENGINECORE\TEMP\RELEASE\MAXIMPORTER.OBJ
D:\DOCUMENTS\VISUAL STUDIO PROJECTS\SOFTDEV POST 2\ENGINECORE\TEMP\RELEASE\MEMORYMANAGER.OBJ
D:\DOCUMENTS\VISUAL STUDIO PROJECTS\SOFTDEV POST 2\ENGINECORE\TEMP\RELEASE\MEMORYMETADATA.OBJ
D:\DOCUMENTS\VISUAL STUDIO PROJECTS\SOFTDEV POST 2\ENGINECORE\TEMP\RELEASE\MEMORYPOOL.OBJ
D:\DOCUMENTS\VISUAL STUDIO PROJECTS\SOFTDEV POST 2\ENGINECORE\TEMP\RELEASE\NAMEDPROPERTIES.OBJ
D:\DOCUMENTS\VISUAL STUDIO PROJECTS\SOFTDEV POST 2\ENGINECORE\TEMP\RELEASE\OPENGLFUNCTIONS.OBJ
D:\DOCUMENTS\VISUAL STUDIO PROJECTS\SOFTDEV POST 2\ENGINECORE\TEMP\RELEASE\PARTICLE.OBJ
D:\DOCUMENTS\VISUAL STUDIO PROJECTS\SOFTDEV POST 2\ENGINECORE\TEMP\RELEASE\PROFILESECTION.OBJ
D:\DOCUMENTS\VISUAL STUDIO PROJECTS\SOFTDEV POST 2\ENGINECORE\TEMP\RELEASE\PUGIXML.OBJ
D:\DOCUMENTS\VISUAL STUDIO PROJECTS\SOFTDEV POST 2\ENGINECORE\TEMP\RELEASE\RENDERER.OBJ
D:\DOCUMENTS\VISUAL STUDIO PROJECTS\SOFTDEV POST 2\ENGINECORE\TEMP\RELEASE\RENDERWRAPPER.OBJ
D:\DOCUMENTS\VISUAL STUDIO PROJECTS\SOFTDEV POST 2\ENGINECORE\TEMP\RELEASE\REVERSEBUFFERJOB.OBJ
D:\DOCUMENTS\VISUAL STUDIO PROJECTS\SOFTDEV POST 2\ENGINECORE\TEMP\RELEASE\SHADER.OBJ
D:\DOCUMENTS\VISUAL STUDIO PROJECTS\SOFTDEV POST 2\ENGINECORE\TEMP\RELEASE\STB_IMAGE.OBJ
D:\DOCUMENTS\VISUAL STUDIO PROJECTS\SOFTDEV POST 2\ENGINECORE\TEMP\RELEASE\TANGENTBITANGENTSAMPLE.OBJ
D:\DOCUMENTS\VISUAL STUDIO PROJECTS\SOFTDEV POST 2\ENGINECORE\TEMP\RELEASE\TEXTURE.OBJ
D:\DOCUMENTS\VISUAL STUDIO PROJECTS\SOFTDEV POST 2\ENGINECORE\TEMP\RELEASE\THREADEDWORKER.OBJ
D:\DOCUMENTS\VISUAL STUDIO PROJECTS\SOFTDEV POST 2\ENGINECORE\TEMP\RELEASE\VC100.PDB
D:\DOCUMENTS\VISUAL STUDIO PROJECTS\SOFTDEV POST 2\ENGINECORE\TEMP\RELEASE\VECTOR2F.OBJ
D:\DOCUMENTS\VISUAL STUDIO PROJECTS\SOFTDEV POST 2\ENGINECORE\TEMP\RELEASE\VECTOR2I.OBJ
D:\DOCUMENTS\VISUAL STUDIO PROJECTS\SOFTDEV POST 2\ENGINECORE\TEMP\RELEASE\XMLPARSER.OBJ
D:\DOCUMENTS\VISUAL STUDIO PROJECTS\SOFTDEV POST 2\UCIENGINE1\ENGINECORE.LIB
