D:\Documents\Visual Studio Projects\SoftDev Post 2\EngineCore\Debug\cl.command.1.tlog
D:\Documents\Visual Studio Projects\SoftDev Post 2\EngineCore\Debug\CL.read.1.tlog
D:\Documents\Visual Studio Projects\SoftDev Post 2\EngineCore\Debug\CL.write.1.tlog
D:\DOCUMENTS\VISUAL STUDIO PROJECTS\SOFTDEV POST 2\ENGINECORE\DEBUG\COMMANDPARSER.OBJ
D:\DOCUMENTS\VISUAL STUDIO PROJECTS\SOFTDEV POST 2\ENGINECORE\DEBUG\CONSOLE.OBJ
D:\DOCUMENTS\VISUAL STUDIO PROJECTS\SOFTDEV POST 2\ENGINECORE\DEBUG\CONSOLELOG.OBJ
D:\DOCUMENTS\VISUAL STUDIO PROJECTS\SOFTDEV POST 2\ENGINECORE\DEBUG\DEBUGAABB3.OBJ
D:\DOCUMENTS\VISUAL STUDIO PROJECTS\SOFTDEV POST 2\ENGINECORE\DEBUG\DEBUGARROW.OBJ
D:\DOCUMENTS\VISUAL STUDIO PROJECTS\SOFTDEV POST 2\ENGINECORE\DEBUG\DEBUGELEMENT.OBJ
D:\DOCUMENTS\VISUAL STUDIO PROJECTS\SOFTDEV POST 2\ENGINECORE\DEBUG\DEBUGLINE.OBJ
D:\DOCUMENTS\VISUAL STUDIO PROJECTS\SOFTDEV POST 2\ENGINECORE\DEBUG\DEBUGMULTIPOLY.OBJ
D:\DOCUMENTS\VISUAL STUDIO PROJECTS\SOFTDEV POST 2\ENGINECORE\DEBUG\DEBUGPOINT.OBJ
D:\DOCUMENTS\VISUAL STUDIO PROJECTS\SOFTDEV POST 2\ENGINECORE\DEBUG\DEBUGSPHERE.OBJ
D:\Documents\Visual Studio Projects\SoftDev Post 2\EngineCore\Debug\Demo Driver.ilk
D:\Documents\Visual Studio Projects\SoftDev Post 2\EngineCore\Debug\Demo Driver.pdb
D:\DOCUMENTS\VISUAL STUDIO PROJECTS\SOFTDEV POST 2\ENGINECORE\DEBUG\ELEMENT.OBJ
D:\DOCUMENTS\VISUAL STUDIO PROJECTS\SOFTDEV POST 2\ENGINECORE\DEBUG\ENGINECORE.LIB
D:\Documents\Visual Studio Projects\SoftDev Post 2\EngineCore\Debug\EngineCore.vcxprojResolveAssemblyReference.cache
D:\Documents\Visual Studio Projects\SoftDev Post 2\EngineCore\Debug\EngineCore.write.1.tlog
D:\DOCUMENTS\VISUAL STUDIO PROJECTS\SOFTDEV POST 2\ENGINECORE\DEBUG\EVENTSUBSCRIBERNODE.OBJ
D:\DOCUMENTS\VISUAL STUDIO PROJECTS\SOFTDEV POST 2\ENGINECORE\DEBUG\EVENTSYSTEMHANDLER.OBJ
D:\DOCUMENTS\VISUAL STUDIO PROJECTS\SOFTDEV POST 2\ENGINECORE\DEBUG\EVENTSYSTEMHELPER.OBJ
D:\DOCUMENTS\VISUAL STUDIO PROJECTS\SOFTDEV POST 2\ENGINECORE\DEBUG\FBO_SAMPLE_CODE.OBJ
D:\DOCUMENTS\VISUAL STUDIO PROJECTS\SOFTDEV POST 2\ENGINECORE\DEBUG\FONTHANDLER.OBJ
D:\DOCUMENTS\VISUAL STUDIO PROJECTS\SOFTDEV POST 2\ENGINECORE\DEBUG\FONTRENDERER.OBJ
D:\DOCUMENTS\VISUAL STUDIO PROJECTS\SOFTDEV POST 2\ENGINECORE\DEBUG\FRAMEBUFFER.OBJ
D:\DOCUMENTS\VISUAL STUDIO PROJECTS\SOFTDEV POST 2\ENGINECORE\DEBUG\GAME.OBJ
D:\DOCUMENTS\VISUAL STUDIO PROJECTS\SOFTDEV POST 2\ENGINECORE\DEBUG\GLYPH.OBJ
D:\DOCUMENTS\VISUAL STUDIO PROJECTS\SOFTDEV POST 2\ENGINECORE\DEBUG\IOHANDLER.OBJ
D:\Documents\Visual Studio Projects\SoftDev Post 2\EngineCore\Debug\lib.command.1.tlog
D:\Documents\Visual Studio Projects\SoftDev Post 2\EngineCore\Debug\Lib-link.read.1.tlog
D:\Documents\Visual Studio Projects\SoftDev Post 2\EngineCore\Debug\Lib-link.write.1.tlog
D:\DOCUMENTS\VISUAL STUDIO PROJECTS\SOFTDEV POST 2\ENGINECORE\DEBUG\LIGHT.OBJ
D:\DOCUMENTS\VISUAL STUDIO PROJECTS\SOFTDEV POST 2\ENGINECORE\DEBUG\LIGHTMANAGER.OBJ
D:\DOCUMENTS\VISUAL STUDIO PROJECTS\SOFTDEV POST 2\ENGINECORE\DEBUG\MATERIAL.OBJ
D:\DOCUMENTS\VISUAL STUDIO PROJECTS\SOFTDEV POST 2\ENGINECORE\DEBUG\MAXIMPORTER.OBJ
D:\DOCUMENTS\VISUAL STUDIO PROJECTS\SOFTDEV POST 2\ENGINECORE\DEBUG\NAMEDPROPERTIES.OBJ
D:\DOCUMENTS\VISUAL STUDIO PROJECTS\SOFTDEV POST 2\ENGINECORE\DEBUG\OPENGLFUNCTIONS.OBJ
D:\DOCUMENTS\VISUAL STUDIO PROJECTS\SOFTDEV POST 2\ENGINECORE\DEBUG\PARTICLE.OBJ
D:\DOCUMENTS\VISUAL STUDIO PROJECTS\SOFTDEV POST 2\ENGINECORE\DEBUG\PUGIXML.OBJ
D:\DOCUMENTS\VISUAL STUDIO PROJECTS\SOFTDEV POST 2\ENGINECORE\DEBUG\RENDERER.OBJ
D:\DOCUMENTS\VISUAL STUDIO PROJECTS\SOFTDEV POST 2\ENGINECORE\DEBUG\RENDERWRAPPER.OBJ
D:\DOCUMENTS\VISUAL STUDIO PROJECTS\SOFTDEV POST 2\ENGINECORE\DEBUG\SHADER.OBJ
D:\DOCUMENTS\VISUAL STUDIO PROJECTS\SOFTDEV POST 2\ENGINECORE\DEBUG\STB_IMAGE.OBJ
D:\DOCUMENTS\VISUAL STUDIO PROJECTS\SOFTDEV POST 2\ENGINECORE\DEBUG\TANGENTBITANGENTSAMPLE.OBJ
D:\DOCUMENTS\VISUAL STUDIO PROJECTS\SOFTDEV POST 2\ENGINECORE\DEBUG\TEXTURE.OBJ
D:\Documents\Visual Studio Projects\SoftDev Post 2\EngineCore\Debug\vc100.idb
D:\DOCUMENTS\VISUAL STUDIO PROJECTS\SOFTDEV POST 2\ENGINECORE\DEBUG\VC100.PDB
D:\DOCUMENTS\VISUAL STUDIO PROJECTS\SOFTDEV POST 2\ENGINECORE\DEBUG\VECTOR2F.OBJ
D:\DOCUMENTS\VISUAL STUDIO PROJECTS\SOFTDEV POST 2\ENGINECORE\DEBUG\VECTOR2I.OBJ
D:\DOCUMENTS\VISUAL STUDIO PROJECTS\SOFTDEV POST 2\ENGINECORE\DEBUG\XMLPARSER.OBJ
