D:\Documents\Visual Studio Projects\SoftDev Post 2\EngineCore\Release\cl.command.1.tlog
D:\Documents\Visual Studio Projects\SoftDev Post 2\EngineCore\Release\CL.read.1.tlog
D:\Documents\Visual Studio Projects\SoftDev Post 2\EngineCore\Release\CL.write.1.tlog
D:\DOCUMENTS\VISUAL STUDIO PROJECTS\SOFTDEV POST 2\ENGINECORE\RELEASE\COMMANDPARSER.OBJ
D:\DOCUMENTS\VISUAL STUDIO PROJECTS\SOFTDEV POST 2\ENGINECORE\RELEASE\CONSOLE.OBJ
D:\DOCUMENTS\VISUAL STUDIO PROJECTS\SOFTDEV POST 2\ENGINECORE\RELEASE\CONSOLELOG.OBJ
D:\DOCUMENTS\VISUAL STUDIO PROJECTS\SOFTDEV POST 2\ENGINECORE\RELEASE\DEBUGAABB3.OBJ
D:\DOCUMENTS\VISUAL STUDIO PROJECTS\SOFTDEV POST 2\ENGINECORE\RELEASE\DEBUGARROW.OBJ
D:\DOCUMENTS\VISUAL STUDIO PROJECTS\SOFTDEV POST 2\ENGINECORE\RELEASE\DEBUGELEMENT.OBJ
D:\DOCUMENTS\VISUAL STUDIO PROJECTS\SOFTDEV POST 2\ENGINECORE\RELEASE\DEBUGLINE.OBJ
D:\DOCUMENTS\VISUAL STUDIO PROJECTS\SOFTDEV POST 2\ENGINECORE\RELEASE\DEBUGMULTIPOLY.OBJ
D:\DOCUMENTS\VISUAL STUDIO PROJECTS\SOFTDEV POST 2\ENGINECORE\RELEASE\DEBUGPOINT.OBJ
D:\DOCUMENTS\VISUAL STUDIO PROJECTS\SOFTDEV POST 2\ENGINECORE\RELEASE\DEBUGSPHERE.OBJ
D:\DOCUMENTS\VISUAL STUDIO PROJECTS\SOFTDEV POST 2\ENGINECORE\RELEASE\ELEMENT.OBJ
D:\Documents\Visual Studio Projects\SoftDev Post 2\EngineCore\Release\EngineCore.vcxprojResolveAssemblyReference.cache
D:\Documents\Visual Studio Projects\SoftDev Post 2\EngineCore\Release\EngineCore.write.1.tlog
D:\DOCUMENTS\VISUAL STUDIO PROJECTS\SOFTDEV POST 2\ENGINECORE\RELEASE\EVENTSUBSCRIBERNODE.OBJ
D:\DOCUMENTS\VISUAL STUDIO PROJECTS\SOFTDEV POST 2\ENGINECORE\RELEASE\EVENTSYSTEMHANDLER.OBJ
D:\DOCUMENTS\VISUAL STUDIO PROJECTS\SOFTDEV POST 2\ENGINECORE\RELEASE\EVENTSYSTEMHELPER.OBJ
D:\DOCUMENTS\VISUAL STUDIO PROJECTS\SOFTDEV POST 2\ENGINECORE\RELEASE\FBO_SAMPLE_CODE.OBJ
D:\DOCUMENTS\VISUAL STUDIO PROJECTS\SOFTDEV POST 2\ENGINECORE\RELEASE\FONTHANDLER.OBJ
D:\DOCUMENTS\VISUAL STUDIO PROJECTS\SOFTDEV POST 2\ENGINECORE\RELEASE\FONTRENDERER.OBJ
D:\DOCUMENTS\VISUAL STUDIO PROJECTS\SOFTDEV POST 2\ENGINECORE\RELEASE\FRAMEBUFFER.OBJ
D:\DOCUMENTS\VISUAL STUDIO PROJECTS\SOFTDEV POST 2\ENGINECORE\RELEASE\GAME.OBJ
D:\DOCUMENTS\VISUAL STUDIO PROJECTS\SOFTDEV POST 2\ENGINECORE\RELEASE\GLYPH.OBJ
D:\DOCUMENTS\VISUAL STUDIO PROJECTS\SOFTDEV POST 2\ENGINECORE\RELEASE\IOHANDLER.OBJ
D:\Documents\Visual Studio Projects\SoftDev Post 2\EngineCore\Release\lib.command.1.tlog
D:\Documents\Visual Studio Projects\SoftDev Post 2\EngineCore\Release\Lib-link.read.1.tlog
D:\Documents\Visual Studio Projects\SoftDev Post 2\EngineCore\Release\Lib-link.write.1.tlog
D:\DOCUMENTS\VISUAL STUDIO PROJECTS\SOFTDEV POST 2\ENGINECORE\RELEASE\LIGHT.OBJ
D:\DOCUMENTS\VISUAL STUDIO PROJECTS\SOFTDEV POST 2\ENGINECORE\RELEASE\LIGHTMANAGER.OBJ
D:\DOCUMENTS\VISUAL STUDIO PROJECTS\SOFTDEV POST 2\ENGINECORE\RELEASE\MATERIAL.OBJ
D:\DOCUMENTS\VISUAL STUDIO PROJECTS\SOFTDEV POST 2\ENGINECORE\RELEASE\MAXIMPORTER.OBJ
D:\DOCUMENTS\VISUAL STUDIO PROJECTS\SOFTDEV POST 2\ENGINECORE\RELEASE\NAMEDPROPERTIES.OBJ
D:\DOCUMENTS\VISUAL STUDIO PROJECTS\SOFTDEV POST 2\ENGINECORE\RELEASE\OPENGLFUNCTIONS.OBJ
D:\DOCUMENTS\VISUAL STUDIO PROJECTS\SOFTDEV POST 2\ENGINECORE\RELEASE\PARTICLE.OBJ
D:\DOCUMENTS\VISUAL STUDIO PROJECTS\SOFTDEV POST 2\ENGINECORE\RELEASE\PUGIXML.OBJ
D:\DOCUMENTS\VISUAL STUDIO PROJECTS\SOFTDEV POST 2\ENGINECORE\RELEASE\RENDERER.OBJ
D:\DOCUMENTS\VISUAL STUDIO PROJECTS\SOFTDEV POST 2\ENGINECORE\RELEASE\SHADER.OBJ
D:\DOCUMENTS\VISUAL STUDIO PROJECTS\SOFTDEV POST 2\ENGINECORE\RELEASE\STB_IMAGE.OBJ
D:\DOCUMENTS\VISUAL STUDIO PROJECTS\SOFTDEV POST 2\ENGINECORE\RELEASE\TANGENTBITANGENTSAMPLE.OBJ
D:\DOCUMENTS\VISUAL STUDIO PROJECTS\SOFTDEV POST 2\ENGINECORE\RELEASE\TEXTURE.OBJ
D:\DOCUMENTS\VISUAL STUDIO PROJECTS\SOFTDEV POST 2\ENGINECORE\RELEASE\VC100.PDB
D:\DOCUMENTS\VISUAL STUDIO PROJECTS\SOFTDEV POST 2\ENGINECORE\RELEASE\VECTOR2F.OBJ
D:\DOCUMENTS\VISUAL STUDIO PROJECTS\SOFTDEV POST 2\ENGINECORE\RELEASE\VECTOR2I.OBJ
D:\DOCUMENTS\VISUAL STUDIO PROJECTS\SOFTDEV POST 2\ENGINECORE\RELEASE\XMLPARSER.OBJ
D:\DOCUMENTS\VISUAL STUDIO PROJECTS\SOFTDEV POST 2\PANZERFAUST\RELEASE\ENGINECORE.LIB
